[INFO]   Oct-12-2022 11:25:24 	[INFO] [REQUEST] [GET-ALL-FEEDBACK]
[INFO]   Oct-12-2022 11:25:24 	[INFO] [DATABASE] [CONNECTED-SUCCESSFULLY]
[INFO]   Oct-12-2022 11:25:26 	[INFO] [REQUEST] [GET-ALL-FEEDBACK]
[INFO]   Oct-12-2022 11:26:27 	[INFO] [REQUEST] [GET-ALL-FEEDBACK]
[INFO]   Oct-12-2022 11:26:27 	[INFO] [DATABASE] [CONNECTED-SUCCESSFULLY]
[INFO]   Oct-12-2022 11:26:32 	[INFO] [REQUEST] [GET-ALL-MQ-QUESTION]
[INFO]   Oct-12-2022 11:26:32 	[INFO] [REQUEST] [GET-ALL-ANSWER-SET]
[INFO]   Oct-12-2022 11:26:52 	[INFO] [REQUEST] [CREATE-FEEDBACK]
[ERROR]   Oct-12-2022 11:27:06 	[ERROR] [INSERT-ONE] [feedbacks]  : ["E11000 duplicate key error collection: survey_db.feedbacks index: _id_ dup key: { _id: \"\" }"]
[INFO]   Oct-12-2022 11:27:06 	[INFO] [REQUEST] [GET-ALL-FEEDBACK]
[INFO]   Oct-12-2022 11:27:13 	[INFO] [REQUEST] [GET-ALL-FEEDBACK]
[INFO]   Oct-12-2022 11:27:18 	[INFO] [REQUEST] [GET-ALL-ANSWER-SET]
[INFO]   Oct-12-2022 11:27:18 	[INFO] [REQUEST] [GET-ALL-MQ-QUESTION]
[INFO]   Oct-12-2022 11:27:30 	[INFO] [REQUEST] [CREATE-FEEDBACK]
[ERROR]   Oct-12-2022 11:28:00 	[ERROR] [INSERT-ONE] [feedbacks]  : ["E11000 duplicate key error collection: survey_db.feedbacks index: _id_ dup key: { _id: \"\" }"]
[INFO]   Oct-12-2022 11:28:00 	[INFO] [REQUEST] [GET-ALL-FEEDBACK]
[INFO]   Oct-12-2022 11:28:40 	[INFO] [REQUEST] [GET-ALL-MQ-QUESTION]
[INFO]   Oct-12-2022 11:28:40 	[INFO] [REQUEST] [GET-ALL-ANSWER-SET]
[INFO]   Oct-12-2022 11:28:41 	[INFO] [DATABASE] [CONNECTED-SUCCESSFULLY]
[INFO]   Oct-12-2022 11:28:43 	[INFO] [DATABASE] [CONNECTED-SUCCESSFULLY]
[INFO]   Oct-12-2022 11:28:53 	[INFO] [REQUEST] [CREATE-FEEDBACK]
[INFO]   Oct-12-2022 11:28:53 	[INFO] [REQUEST] [GET-ALL-FEEDBACK]
